<?xml version="1.0" encoding="UTF-8"?>
<testng-results ignored="1" total="3" passed="0" failed="0" skipped="2">
  <reporter-output>
  </reporter-output>
  <suite started-at="2023-09-21T00:48:56 IST" name="Suite" finished-at="2023-09-21T00:49:03 IST" duration-ms="6977">
    <groups>
    </groups>
    <test started-at="2023-09-21T00:48:56 IST" name="Chrome" finished-at="2023-09-21T00:49:03 IST" duration-ms="6977">
      <class name="testclass1.VerificationOfActitime">
        <test-method is-config="true" signature="launchBrowser(java.lang.String)[pri:0, instance:testclass1.VerificationOfActitime@72d1ad2e]" started-at="2023-09-21T00:48:56 IST" name="launchBrowser" finished-at="2023-09-21T00:48:57 IST" duration-ms="1434" status="PASS">
          <params>
            <param index="0">
              <value>
                <![CDATA[Chrome]]>
              </value>
            </param>
          </params>
          <reporter-output>
          </reporter-output>
        </test-method> <!-- launchBrowser -->
        <test-method is-config="true" signature="createPOMObjects()[pri:0, instance:testclass1.VerificationOfActitime@72d1ad2e]" started-at="2023-09-21T00:48:57 IST" name="createPOMObjects" finished-at="2023-09-21T00:48:58 IST" duration-ms="30" status="PASS">
          <reporter-output>
          </reporter-output>
        </test-method> <!-- createPOMObjects -->
        <test-method is-config="true" signature="LoginToApplication()[pri:0, instance:testclass1.VerificationOfActitime@72d1ad2e]" started-at="2023-09-21T00:48:58 IST" name="LoginToApplication" finished-at="2023-09-21T00:49:03 IST" duration-ms="5475" status="FAIL">
          <exception class="java.lang.NoSuchMethodError">
            <message>
              <![CDATA['void org.apache.xmlbeans.XmlOptions.put(java.lang.Object)']]>
            </message>
            <full-stacktrace>
              <![CDATA[java.lang.NoSuchMethodError: 'void org.apache.xmlbeans.XmlOptions.put(java.lang.Object)'
at org.apache.poi.xssf.model.SharedStringsTable.<clinit>(SharedStringsTable.java:94)
at org.apache.poi.ooxml.POIXMLFactory.createDocumentPart(POIXMLFactory.java:61)
at org.apache.poi.ooxml.POIXMLDocumentPart.read(POIXMLDocumentPart.java:684)
at org.apache.poi.ooxml.POIXMLDocument.load(POIXMLDocument.java:180)
at org.apache.poi.xssf.usermodel.XSSFWorkbook.<init>(XSSFWorkbook.java:288)
at org.apache.poi.xssf.usermodel.XSSFWorkbook.<init>(XSSFWorkbook.java:309)
at utils.Utility.fetchExcelData(Utility.java:49)
at testclass1.VerificationOfActitime.LoginToApplication(VerificationOfActitime.java:76)
at java.base/jdk.internal.reflect.DirectMethodHandleAccessor.invoke(DirectMethodHandleAccessor.java:104)
at java.base/java.lang.reflect.Method.invoke(Method.java:577)
at org.testng.internal.MethodInvocationHelper.invokeMethod(MethodInvocationHelper.java:133)
at org.testng.internal.MethodInvocationHelper.invokeMethodConsideringTimeout(MethodInvocationHelper.java:62)
at org.testng.internal.ConfigInvoker.invokeConfigurationMethod(ConfigInvoker.java:385)
at org.testng.internal.ConfigInvoker.invokeConfigurations(ConfigInvoker.java:321)
at org.testng.internal.TestInvoker.runConfigMethods(TestInvoker.java:700)
at org.testng.internal.TestInvoker.invokeMethod(TestInvoker.java:527)
at org.testng.internal.TestInvoker.invokeTestMethod(TestInvoker.java:173)
at org.testng.internal.MethodRunner.runInSequence(MethodRunner.java:46)
at org.testng.internal.TestInvoker$MethodInvocationAgent.invoke(TestInvoker.java:824)
at org.testng.internal.TestInvoker.invokeTestMethods(TestInvoker.java:146)
at org.testng.internal.TestMethodWorker.invokeTestMethods(TestMethodWorker.java:146)
at org.testng.internal.TestMethodWorker.run(TestMethodWorker.java:128)
at java.base/java.util.ArrayList.forEach(ArrayList.java:1511)
at org.testng.TestRunner.privateRun(TestRunner.java:794)
at org.testng.TestRunner.run(TestRunner.java:596)
at org.testng.SuiteRunner.runTest(SuiteRunner.java:377)
at org.testng.SuiteRunner.runSequentially(SuiteRunner.java:371)
at org.testng.SuiteRunner.privateRun(SuiteRunner.java:332)
at org.testng.SuiteRunner.run(SuiteRunner.java:276)
at org.testng.SuiteRunnerWorker.runSuite(SuiteRunnerWorker.java:53)
at org.testng.SuiteRunnerWorker.run(SuiteRunnerWorker.java:96)
at org.testng.TestNG.runSuitesSequentially(TestNG.java:1212)
at org.testng.TestNG.runSuitesLocally(TestNG.java:1134)
at org.testng.TestNG.runSuites(TestNG.java:1063)
at org.testng.TestNG.run(TestNG.java:1031)
at org.testng.remote.AbstractRemoteTestNG.run(AbstractRemoteTestNG.java:115)
at org.testng.remote.RemoteTestNG.initAndRun(RemoteTestNG.java:251)
at org.testng.remote.RemoteTestNG.main(RemoteTestNG.java:77)
]]>
            </full-stacktrace>
          </exception> <!-- java.lang.NoSuchMethodError -->
          <reporter-output>
          </reporter-output>
        </test-method> <!-- LoginToApplication -->
        <test-method signature="ToVerifyOpenReports()[pri:0, instance:testclass1.VerificationOfActitime@72d1ad2e]" started-at="2023-09-21T00:49:03 IST" name="ToVerifyOpenReports" finished-at="2023-09-21T00:49:03 IST" duration-ms="0" status="SKIP">
          <exception class="java.lang.NoSuchMethodError">
            <message>
              <![CDATA['void org.apache.xmlbeans.XmlOptions.put(java.lang.Object)']]>
            </message>
            <full-stacktrace>
              <![CDATA[java.lang.NoSuchMethodError: 'void org.apache.xmlbeans.XmlOptions.put(java.lang.Object)'
at org.apache.poi.xssf.model.SharedStringsTable.<clinit>(SharedStringsTable.java:94)
at org.apache.poi.ooxml.POIXMLFactory.createDocumentPart(POIXMLFactory.java:61)
at org.apache.poi.ooxml.POIXMLDocumentPart.read(POIXMLDocumentPart.java:684)
at org.apache.poi.ooxml.POIXMLDocument.load(POIXMLDocument.java:180)
at org.apache.poi.xssf.usermodel.XSSFWorkbook.<init>(XSSFWorkbook.java:288)
at org.apache.poi.xssf.usermodel.XSSFWorkbook.<init>(XSSFWorkbook.java:309)
at utils.Utility.fetchExcelData(Utility.java:49)
at testclass1.VerificationOfActitime.LoginToApplication(VerificationOfActitime.java:76)
at java.base/jdk.internal.reflect.DirectMethodHandleAccessor.invoke(DirectMethodHandleAccessor.java:104)
at java.base/java.lang.reflect.Method.invoke(Method.java:577)
at org.testng.internal.MethodInvocationHelper.invokeMethod(MethodInvocationHelper.java:133)
at org.testng.internal.MethodInvocationHelper.invokeMethodConsideringTimeout(MethodInvocationHelper.java:62)
at org.testng.internal.ConfigInvoker.invokeConfigurationMethod(ConfigInvoker.java:385)
at org.testng.internal.ConfigInvoker.invokeConfigurations(ConfigInvoker.java:321)
at org.testng.internal.TestInvoker.runConfigMethods(TestInvoker.java:700)
at org.testng.internal.TestInvoker.invokeMethod(TestInvoker.java:527)
at org.testng.internal.TestInvoker.invokeTestMethod(TestInvoker.java:173)
at org.testng.internal.MethodRunner.runInSequence(MethodRunner.java:46)
at org.testng.internal.TestInvoker$MethodInvocationAgent.invoke(TestInvoker.java:824)
at org.testng.internal.TestInvoker.invokeTestMethods(TestInvoker.java:146)
at org.testng.internal.TestMethodWorker.invokeTestMethods(TestMethodWorker.java:146)
at org.testng.internal.TestMethodWorker.run(TestMethodWorker.java:128)
at java.base/java.util.ArrayList.forEach(ArrayList.java:1511)
at org.testng.TestRunner.privateRun(TestRunner.java:794)
at org.testng.TestRunner.run(TestRunner.java:596)
at org.testng.SuiteRunner.runTest(SuiteRunner.java:377)
at org.testng.SuiteRunner.runSequentially(SuiteRunner.java:371)
at org.testng.SuiteRunner.privateRun(SuiteRunner.java:332)
at org.testng.SuiteRunner.run(SuiteRunner.java:276)
at org.testng.SuiteRunnerWorker.runSuite(SuiteRunnerWorker.java:53)
at org.testng.SuiteRunnerWorker.run(SuiteRunnerWorker.java:96)
at org.testng.TestNG.runSuitesSequentially(TestNG.java:1212)
at org.testng.TestNG.runSuitesLocally(TestNG.java:1134)
at org.testng.TestNG.runSuites(TestNG.java:1063)
at org.testng.TestNG.run(TestNG.java:1031)
at org.testng.remote.AbstractRemoteTestNG.run(AbstractRemoteTestNG.java:115)
at org.testng.remote.RemoteTestNG.initAndRun(RemoteTestNG.java:251)
at org.testng.remote.RemoteTestNG.main(RemoteTestNG.java:77)
]]>
            </full-stacktrace>
          </exception> <!-- java.lang.NoSuchMethodError -->
          <reporter-output>
          </reporter-output>
        </test-method> <!-- ToVerifyOpenReports -->
        <test-method is-config="true" signature="LoginToApplication()[pri:0, instance:testclass1.VerificationOfActitime@72d1ad2e]" started-at="2023-09-21T00:49:03 IST" name="LoginToApplication" finished-at="1970-01-01T05:30:00 IST" duration-ms="-1695237543499" status="SKIP">
          <reporter-output>
          </reporter-output>
        </test-method> <!-- LoginToApplication -->
        <test-method is-config="true" signature="LogoutFromApplication(org.testng.ITestResult)[pri:0, instance:testclass1.VerificationOfActitime@72d1ad2e]" started-at="2023-09-21T00:49:03 IST" name="LogoutFromApplication" finished-at="1970-01-01T05:30:00 IST" duration-ms="-1695237543499" status="SKIP">
          <reporter-output>
          </reporter-output>
        </test-method> <!-- LogoutFromApplication -->
        <test-method signature="ToverifyOpenTask()[pri:0, instance:testclass1.VerificationOfActitime@72d1ad2e]" started-at="2023-09-21T00:49:03 IST" name="ToverifyOpenTask" finished-at="2023-09-21T00:49:03 IST" duration-ms="0" status="SKIP">
          <exception class="java.lang.NoSuchMethodError">
            <message>
              <![CDATA['void org.apache.xmlbeans.XmlOptions.put(java.lang.Object)']]>
            </message>
            <full-stacktrace>
              <![CDATA[java.lang.NoSuchMethodError: 'void org.apache.xmlbeans.XmlOptions.put(java.lang.Object)'
at org.apache.poi.xssf.model.SharedStringsTable.<clinit>(SharedStringsTable.java:94)
at org.apache.poi.ooxml.POIXMLFactory.createDocumentPart(POIXMLFactory.java:61)
at org.apache.poi.ooxml.POIXMLDocumentPart.read(POIXMLDocumentPart.java:684)
at org.apache.poi.ooxml.POIXMLDocument.load(POIXMLDocument.java:180)
at org.apache.poi.xssf.usermodel.XSSFWorkbook.<init>(XSSFWorkbook.java:288)
at org.apache.poi.xssf.usermodel.XSSFWorkbook.<init>(XSSFWorkbook.java:309)
at utils.Utility.fetchExcelData(Utility.java:49)
at testclass1.VerificationOfActitime.LoginToApplication(VerificationOfActitime.java:76)
at java.base/jdk.internal.reflect.DirectMethodHandleAccessor.invoke(DirectMethodHandleAccessor.java:104)
at java.base/java.lang.reflect.Method.invoke(Method.java:577)
at org.testng.internal.MethodInvocationHelper.invokeMethod(MethodInvocationHelper.java:133)
at org.testng.internal.MethodInvocationHelper.invokeMethodConsideringTimeout(MethodInvocationHelper.java:62)
at org.testng.internal.ConfigInvoker.invokeConfigurationMethod(ConfigInvoker.java:385)
at org.testng.internal.ConfigInvoker.invokeConfigurations(ConfigInvoker.java:321)
at org.testng.internal.TestInvoker.runConfigMethods(TestInvoker.java:700)
at org.testng.internal.TestInvoker.invokeMethod(TestInvoker.java:527)
at org.testng.internal.TestInvoker.invokeTestMethod(TestInvoker.java:173)
at org.testng.internal.MethodRunner.runInSequence(MethodRunner.java:46)
at org.testng.internal.TestInvoker$MethodInvocationAgent.invoke(TestInvoker.java:824)
at org.testng.internal.TestInvoker.invokeTestMethods(TestInvoker.java:146)
at org.testng.internal.TestMethodWorker.invokeTestMethods(TestMethodWorker.java:146)
at org.testng.internal.TestMethodWorker.run(TestMethodWorker.java:128)
at java.base/java.util.ArrayList.forEach(ArrayList.java:1511)
at org.testng.TestRunner.privateRun(TestRunner.java:794)
at org.testng.TestRunner.run(TestRunner.java:596)
at org.testng.SuiteRunner.runTest(SuiteRunner.java:377)
at org.testng.SuiteRunner.runSequentially(SuiteRunner.java:371)
at org.testng.SuiteRunner.privateRun(SuiteRunner.java:332)
at org.testng.SuiteRunner.run(SuiteRunner.java:276)
at org.testng.SuiteRunnerWorker.runSuite(SuiteRunnerWorker.java:53)
at org.testng.SuiteRunnerWorker.run(SuiteRunnerWorker.java:96)
at org.testng.TestNG.runSuitesSequentially(TestNG.java:1212)
at org.testng.TestNG.runSuitesLocally(TestNG.java:1134)
at org.testng.TestNG.runSuites(TestNG.java:1063)
at org.testng.TestNG.run(TestNG.java:1031)
at org.testng.remote.AbstractRemoteTestNG.run(AbstractRemoteTestNG.java:115)
at org.testng.remote.RemoteTestNG.initAndRun(RemoteTestNG.java:251)
at org.testng.remote.RemoteTestNG.main(RemoteTestNG.java:77)
]]>
            </full-stacktrace>
          </exception> <!-- java.lang.NoSuchMethodError -->
          <reporter-output>
          </reporter-output>
        </test-method> <!-- ToverifyOpenTask -->
        <test-method is-config="true" signature="LogoutFromApplication(org.testng.ITestResult)[pri:0, instance:testclass1.VerificationOfActitime@72d1ad2e]" started-at="2023-09-21T00:49:03 IST" name="LogoutFromApplication" finished-at="1970-01-01T05:30:00 IST" duration-ms="-1695237543499" status="SKIP">
          <reporter-output>
          </reporter-output>
        </test-method> <!-- LogoutFromApplication -->
        <test-method is-config="true" signature="clearObject()[pri:0, instance:testclass1.VerificationOfActitime@72d1ad2e]" started-at="2023-09-21T00:49:03 IST" name="clearObject" finished-at="1970-01-01T05:30:00 IST" duration-ms="-1695237543499" status="SKIP">
          <reporter-output>
          </reporter-output>
        </test-method> <!-- clearObject -->
        <test-method is-config="true" signature="ClosedBrowser()[pri:0, instance:testclass1.VerificationOfActitime@72d1ad2e]" started-at="2023-09-21T00:49:03 IST" name="ClosedBrowser" finished-at="1970-01-01T05:30:00 IST" duration-ms="-1695237543499" status="SKIP">
          <reporter-output>
          </reporter-output>
        </test-method> <!-- ClosedBrowser -->
      </class> <!-- testclass1.VerificationOfActitime -->
    </test> <!-- Chrome -->
  </suite> <!-- Suite -->
</testng-results>
