<?xml version="1.0" encoding="UTF-8"?>
<!-- Generated by org.testng.reporters.JUnitXMLReporter -->
<testsuite ignored="1" hostname="LAPTOP-6I2ERQM6" failures="0" tests="2" name="Chrome" time="6.977" errors="0" timestamp="2023-09-21T00:49:03 IST">
  <testcase classname="testclass1.VerificationOfActitime" name="@BeforeMethod LoginToApplication" time="5.475">
    <failure type="java.lang.NoSuchMethodError" message="&amp;apos;void org.apache.xmlbeans.XmlOptions.put(java.lang.Object)&amp;apos;">
      <![CDATA[java.lang.NoSuchMethodError: 'void org.apache.xmlbeans.XmlOptions.put(java.lang.Object)'
at org.apache.poi.xssf.model.SharedStringsTable.<clinit>(SharedStringsTable.java:94)
at org.apache.poi.ooxml.POIXMLFactory.createDocumentPart(POIXMLFactory.java:61)
at org.apache.poi.ooxml.POIXMLDocumentPart.read(POIXMLDocumentPart.java:684)
at org.apache.poi.ooxml.POIXMLDocument.load(POIXMLDocument.java:180)
at org.apache.poi.xssf.usermodel.XSSFWorkbook.<init>(XSSFWorkbook.java:288)
at org.apache.poi.xssf.usermodel.XSSFWorkbook.<init>(XSSFWorkbook.java:309)
at utils.Utility.fetchExcelData(Utility.java:49)
at testclass1.VerificationOfActitime.LoginToApplication(VerificationOfActitime.java:76)
at java.base/java.util.ArrayList.forEach(ArrayList.java:1511)
... Removed 29 stack frames]]>
    </failure>
  </testcase> <!-- @BeforeMethod LoginToApplication -->
  <testcase classname="testclass1.VerificationOfActitime" name="@AfterMethod LogoutFromApplication" time="-1.695237543499E9">
    <skipped/>
  </testcase> <!-- @AfterMethod LogoutFromApplication -->
  <testcase classname="testclass1.VerificationOfActitime" name="@BeforeMethod LoginToApplication" time="-1.695237543499E9">
    <skipped/>
  </testcase> <!-- @BeforeMethod LoginToApplication -->
  <testcase classname="testclass1.VerificationOfActitime" name="@AfterMethod LogoutFromApplication" time="-1.695237543499E9">
    <skipped/>
  </testcase> <!-- @AfterMethod LogoutFromApplication -->
  <testcase classname="testclass1.VerificationOfActitime" name="@AfterClass clearObject" time="-1.695237543499E9">
    <skipped/>
  </testcase> <!-- @AfterClass clearObject -->
  <testcase classname="testclass1.VerificationOfActitime" name="@AfterTest ClosedBrowser" time="-1.695237543499E9">
    <skipped/>
  </testcase> <!-- @AfterTest ClosedBrowser -->
  <testcase classname="testclass1.VerificationOfActitime" name="ToverifyOpenTask" time="0.0">
    <skipped/>
  </testcase> <!-- ToverifyOpenTask -->
  <testcase classname="testclass1.VerificationOfActitime" name="ToVerifyOpenReports" time="0.0">
    <skipped/>
  </testcase> <!-- ToVerifyOpenReports -->
  <testcase classname="testclass1.VerificationOfActitime" name="ToVerifyUser" time="0.0">
    <ignored/>
  </testcase> <!-- ToVerifyUser -->
</testsuite> <!-- Chrome -->
