<?xml version="1.0" encoding="UTF-8"?>
<!-- Generated by org.testng.reporters.JUnitXMLReporter -->
<testsuite ignored="2" hostname="LAPTOP-6I2ERQM6" failures="0" tests="1" name="Firefox" time="9.772" errors="0" timestamp="2023-09-20T09:14:05 IST">
  <testcase classname="testclass1.VerificationOfActitime" name="@BeforeMethod LoginToApplication" time="4.2">
    <failure type="java.lang.NoSuchMethodError" message="&amp;apos;void org.apache.xmlbeans.XmlOptions.put(java.lang.Object)&amp;apos;">
      <![CDATA[java.lang.NoSuchMethodError: 'void org.apache.xmlbeans.XmlOptions.put(java.lang.Object)'
at org.apache.poi.xssf.model.SharedStringsTable.<clinit>(SharedStringsTable.java:94)
at org.apache.poi.ooxml.POIXMLFactory.createDocumentPart(POIXMLFactory.java:61)
at org.apache.poi.ooxml.POIXMLDocumentPart.read(POIXMLDocumentPart.java:684)
at org.apache.poi.ooxml.POIXMLDocument.load(POIXMLDocument.java:180)
at org.apache.poi.xssf.usermodel.XSSFWorkbook.<init>(XSSFWorkbook.java:288)
at org.apache.poi.xssf.usermodel.XSSFWorkbook.<init>(XSSFWorkbook.java:309)
at utils.Utility.fetchData(Utility.java:53)
at testclass1.VerificationOfActitime.LoginToApplication(VerificationOfActitime.java:74)
at java.base/java.util.ArrayList.forEach(ArrayList.java:1511)
at java.base/java.util.concurrent.FutureTask.run(FutureTask.java:264)
at java.base/java.util.concurrent.ThreadPoolExecutor.runWorker(ThreadPoolExecutor.java:1136)
at java.base/java.util.concurrent.ThreadPoolExecutor$Worker.run(ThreadPoolExecutor.java:635)
at java.base/java.lang.Thread.run(Thread.java:833)
... Removed 20 stack frames]]>
    </failure>
  </testcase> <!-- @BeforeMethod LoginToApplication -->
  <testcase classname="testclass1.VerificationOfActitime" name="@AfterMethod LogoutFromApplication" time="-1.695181443044E9">
    <skipped/>
  </testcase> <!-- @AfterMethod LogoutFromApplication -->
  <testcase classname="testclass1.VerificationOfActitime" name="@BeforeMethod LoginToApplication" time="-1.695181443046E9">
    <skipped/>
  </testcase> <!-- @BeforeMethod LoginToApplication -->
  <testcase classname="testclass1.VerificationOfActitime" name="@AfterMethod LogoutFromApplication" time="-1.695181443049E9">
    <skipped/>
  </testcase> <!-- @AfterMethod LogoutFromApplication -->
  <testcase classname="testclass1.VerificationOfActitime" name="@AfterClass clearObject" time="-1.695181443051E9">
    <skipped/>
  </testcase> <!-- @AfterClass clearObject -->
  <testcase classname="testclass1.VerificationOfActitime" name="@AfterTest ClosedBrowser" time="-1.695181443054E9">
    <skipped/>
  </testcase> <!-- @AfterTest ClosedBrowser -->
  <testcase classname="testclass1.VerificationOfActitime" name="@BeforeMethod LoginToApplication" time="4.517">
    <failure type="java.lang.NoClassDefFoundError" message="Could not initialize class org.apache.poi.xssf.model.SharedStringsTable">
      <![CDATA[java.lang.NoClassDefFoundError: Could not initialize class org.apache.poi.xssf.model.SharedStringsTable
at org.apache.poi.ooxml.POIXMLFactory.createDocumentPart(POIXMLFactory.java:61)
at org.apache.poi.ooxml.POIXMLDocumentPart.read(POIXMLDocumentPart.java:684)
at org.apache.poi.ooxml.POIXMLDocument.load(POIXMLDocument.java:180)
at org.apache.poi.xssf.usermodel.XSSFWorkbook.<init>(XSSFWorkbook.java:288)
at org.apache.poi.xssf.usermodel.XSSFWorkbook.<init>(XSSFWorkbook.java:309)
at utils.Utility.fetchData(Utility.java:53)
at testclass1.VerificationOfActitime.LoginToApplication(VerificationOfActitime.java:74)
at java.base/java.util.ArrayList.forEach(ArrayList.java:1511)
at java.base/java.util.concurrent.FutureTask.run(FutureTask.java:264)
at java.base/java.util.concurrent.ThreadPoolExecutor.runWorker(ThreadPoolExecutor.java:1136)
at java.base/java.util.concurrent.ThreadPoolExecutor$Worker.run(ThreadPoolExecutor.java:635)
at java.base/java.lang.Thread.run(Thread.java:833)
Caused by: java.lang.ExceptionInInitializerError: Exception java.lang.NoSuchMethodError: 'void org.apache.xmlbeans.XmlOptions.put(java.lang.Object)' [in thread "TestNG-tests-2"]
at org.apache.poi.xssf.model.SharedStringsTable.<clinit>(SharedStringsTable.java:94)
... 32 more
... Removed 20 stack frames]]>
    </failure>
  </testcase> <!-- @BeforeMethod LoginToApplication -->
  <testcase classname="testclass1.VerificationOfActitime" name="@AfterMethod LogoutFromApplication" time="-1.695181445642E9">
    <skipped/>
  </testcase> <!-- @AfterMethod LogoutFromApplication -->
  <testcase classname="testclass1.VerificationOfActitime" name="@AfterClass clearObject" time="-1.695181445643E9">
    <skipped/>
  </testcase> <!-- @AfterClass clearObject -->
  <testcase classname="testclass1.VerificationOfActitime" name="@AfterTest ClosedBrowser" time="-1.695181445644E9">
    <skipped/>
  </testcase> <!-- @AfterTest ClosedBrowser -->
  <testcase classname="testclass1.VerificationOfActitime" name="ToverifyOpenTask" time="0.0">
    <skipped/>
  </testcase> <!-- ToverifyOpenTask -->
  <testcase classname="testclass1.VerificationOfActitime" name="ToVerifyOpenReports" time="0.0">
    <ignored/>
  </testcase> <!-- ToVerifyOpenReports -->
  <testcase classname="testclass1.VerificationOfActitime" name="ToVerifyUser" time="0.0">
    <ignored/>
  </testcase> <!-- ToVerifyUser -->
</testsuite> <!-- Firefox -->
