<?xml version="1.0" encoding="UTF-8"?>
<!-- Generated by org.testng.reporters.JUnitXMLReporter -->
<testsuite ignored="2" hostname="LAPTOP-6I2ERQM6" failures="0" tests="5" name="Test" time="38.239" errors="0" timestamp="2023-09-05T17:08:06 IST">
  <testcase classname="testclass1.VerificationOfActitime" name="ToVerifyOpenReports" time="10.25"/>
  <testcase classname="testclass1.VerificationOfActitime" name="ToverifyOpenTask" time="2.037"/>
  <testcase classname="testclass1.TestClass2" name="Test_D" time="1.009"/>
  <testcase classname="testclass1.TestClass2" name="Test_B" time="0.001"/>
  <testcase classname="testclass1.TestClass2" name="Test_C" time="0.001"/>
  <testcase classname="testclass1.TestClass2" name="Test_Z" time="0.0">
    <ignored/>
  </testcase> <!-- Test_Z -->
  <testcase classname="testclass1.VerificationOfActitime" name="ToVerifyUser" time="0.0">
    <ignored/>
  </testcase> <!-- ToVerifyUser -->
</testsuite> <!-- Test -->
